Started GET "/" for 127.0.0.1 at 2024-02-15 21:37:36 +0700
  [1m[35m (2.2ms)[0m  [1m[35mCREATE TABLE "schema_migrations" ("version" varchar NOT NULL PRIMARY KEY)[0m
  [1m[35m (0.2ms)[0m  [1m[35mCREATE TABLE "ar_internal_metadata" ("key" varchar NOT NULL PRIMARY KEY, "value" varchar, "created_at" datetime(6) NOT NULL, "updated_at" datetime(6) NOT NULL)[0m
  [1m[36mActiveRecord::SchemaMigration Load (0.2ms)[0m  [1m[34mSELECT "schema_migrations"."version" FROM "schema_migrations" ORDER BY "schema_migrations"."version" ASC[0m
Processing by Rails::WelcomeController#index as HTML
  Rendering C:/Ruby32-x64/lib/ruby/gems/3.2.0/gems/railties-7.1.3/lib/rails/templates/rails/welcome/index.html.erb
  Rendered C:/Ruby32-x64/lib/ruby/gems/3.2.0/gems/railties-7.1.3/lib/rails/templates/rails/welcome/index.html.erb (Duration: 2.3ms | Allocations: 376)
Completed 200 OK in 268ms (Views: 78.6ms | ActiveRecord: 0.0ms | Allocations: 8830)


Started GET "/" for 127.0.0.1 at 2024-02-15 21:44:16 +0700
  [1m[36mActiveRecord::SchemaMigration Load (0.1ms)[0m  [1m[34mSELECT "schema_migrations"."version" FROM "schema_migrations" ORDER BY "schema_migrations"."version" ASC[0m
Processing by Rails::WelcomeController#index as HTML
  Rendering C:/Ruby32-x64/lib/ruby/gems/3.2.0/gems/railties-7.1.3/lib/rails/templates/rails/welcome/index.html.erb
  Rendered C:/Ruby32-x64/lib/ruby/gems/3.2.0/gems/railties-7.1.3/lib/rails/templates/rails/welcome/index.html.erb (Duration: 1.9ms | Allocations: 376)
Completed 200 OK in 34ms (Views: 13.8ms | ActiveRecord: 0.0ms | Allocations: 4875)


Started GET "/articles" for 127.0.0.1 at 2024-02-15 21:44:21 +0700
Processing by ArticlesController#index as HTML
  Rendering layout layouts/application.html.erb
  Rendering articles/index.html.erb within layouts/application
  Rendered articles/index.html.erb within layouts/application (Duration: 1.3ms | Allocations: 95)
  Rendered layout layouts/application.html.erb (Duration: 1080.4ms | Allocations: 96208)
Completed 500 Internal Server Error in 1110ms (ActiveRecord: 0.0ms | Allocations: 97150)


  
ActionView::Template::Error (Permission denied @ rb_file_s_rename - (C:/Users/Anugrah  Wiradhika F/Documents/Kuliah/Semester 8/IF4020 - Kriptografi/Tugas/Tugas1-Kriptografi/tmp/cache/assets/sprockets/v4.0.0/w-/w-BbM1QLdH6Fehut06n_qiNoutBuZ2SakCR1jkAorGI.cache.21660.17776.758650, C:/Users/Anugrah  Wiradhika F/Documents/Kuliah/Semester 8/IF4020 - Kriptografi/Tugas/Tugas1-Kriptografi/tmp/cache/assets/sprockets/v4.0.0/w-/w-BbM1QLdH6Fehut06n_qiNoutBuZ2SakCR1jkAorGI.cache)):
  
sprockets (4.2.1) lib/sprockets/path_utils.rb:362:in `rename'
sprockets (4.2.1) lib/sprockets/path_utils.rb:362:in `atomic_write'
sprockets (4.2.1) lib/sprockets/cache/file_store.rb:112:in `set'
sprockets (4.2.1) lib/sprockets/cache.rb:227:in `set'
sprockets (4.2.1) lib/sprockets/cache.rb:143:in `set'
sprockets (4.2.1) lib/sprockets/loader.rb:343:in `fetch_asset_from_dependency_cache'
sprockets (4.2.1) lib/sprockets/loader.rb:43:in `load'
sprockets (4.2.1) lib/sprockets/cached_environment.rb:44:in `block in load'
concurrent-ruby (1.2.3) lib/concurrent-ruby/concurrent/map.rb:207:in `block in fetch_or_store'
concurrent-ruby (1.2.3) lib/concurrent-ruby/concurrent/map.rb:187:in `fetch'
concurrent-ruby (1.2.3) lib/concurrent-ruby/concurrent/map.rb:206:in `fetch_or_store'
sprockets (4.2.1) lib/sprockets/cached_environment.rb:44:in `load'
sprockets (4.2.1) lib/sprockets/base.rb:81:in `find_asset'
sprockets (4.2.1) lib/sprockets/base.rb:88:in `find_all_linked_assets'
sprockets (4.2.1) lib/sprockets/manifest.rb:125:in `each'
sprockets (4.2.1) lib/sprockets/manifest.rb:125:in `to_a'
sprockets (4.2.1) lib/sprockets/manifest.rb:125:in `block (2 levels) in find'
concurrent-ruby (1.2.3) lib/concurrent-ruby/concurrent/executor/safe_task_executor.rb:24:in `block in execute'
concurrent-ruby (1.2.3) lib/concurrent-ruby/concurrent/synchronization/mutex_lockable_object.rb:48:in `block in synchronize'
concurrent-ruby (1.2.3) lib/concurrent-ruby/concurrent/synchronization/mutex_lockable_object.rb:48:in `synchronize'
concurrent-ruby (1.2.3) lib/concurrent-ruby/concurrent/synchronization/mutex_lockable_object.rb:48:in `synchronize'
concurrent-ruby (1.2.3) lib/concurrent-ruby/concurrent/executor/safe_task_executor.rb:22:in `execute'
concurrent-ruby (1.2.3) lib/concurrent-ruby/concurrent/promise.rb:564:in `block in realize'
concurrent-ruby (1.2.3) lib/concurrent-ruby/concurrent/executor/ruby_thread_pool_executor.rb:359:in `run_task'
concurrent-ruby (1.2.3) lib/concurrent-ruby/concurrent/executor/ruby_thread_pool_executor.rb:350:in `block (3 levels) in create_worker'
concurrent-ruby (1.2.3) lib/concurrent-ruby/concurrent/executor/ruby_thread_pool_executor.rb:341:in `loop'
concurrent-ruby (1.2.3) lib/concurrent-ruby/concurrent/executor/ruby_thread_pool_executor.rb:341:in `block (2 levels) in create_worker'
concurrent-ruby (1.2.3) lib/concurrent-ruby/concurrent/executor/ruby_thread_pool_executor.rb:340:in `catch'
concurrent-ruby (1.2.3) lib/concurrent-ruby/concurrent/executor/ruby_thread_pool_executor.rb:340:in `block in create_worker'
Started GET "/article" for 127.0.0.1 at 2024-02-15 21:44:30 +0700
  
ActionController::RoutingError (No route matches [GET] "/article"):
  
Started GET "/articles" for 127.0.0.1 at 2024-02-15 21:44:37 +0700
Processing by ArticlesController#index as HTML
  Rendering layout layouts/application.html.erb
  Rendering articles/index.html.erb within layouts/application
  Rendered articles/index.html.erb within layouts/application (Duration: 0.2ms | Allocations: 7)
  Rendered layout layouts/application.html.erb (Duration: 168.7ms | Allocations: 44431)
Completed 200 OK in 176ms (Views: 170.9ms | ActiveRecord: 0.0ms | Allocations: 44712)


Started GET "/" for 127.0.0.1 at 2024-02-16 09:03:21 +0700
Started GET "/articles" for 127.0.0.1 at 2024-02-16 09:03:21 +0700
  [1m[36mActiveRecord::SchemaMigration Load (0.2ms)[0m  [1m[34mSELECT "schema_migrations"."version" FROM "schema_migrations" ORDER BY "schema_migrations"."version" ASC[0m
Processing by ArticlesController#index as HTML
Processing by Rails::WelcomeController#index as HTML
  Rendering C:/Ruby32-x64/lib/ruby/gems/3.2.0/gems/railties-7.1.3/lib/rails/templates/rails/welcome/index.html.erb
  Rendered C:/Ruby32-x64/lib/ruby/gems/3.2.0/gems/railties-7.1.3/lib/rails/templates/rails/welcome/index.html.erb (Duration: 2.7ms | Allocations: 416)
Completed 200 OK in 495ms (Views: 89.8ms | ActiveRecord: 0.0ms | Allocations: 6115)


  Rendering layout layouts/application.html.erb
  Rendering articles/index.html.erb within layouts/application
  Rendered articles/index.html.erb within layouts/application (Duration: 3.4ms | Allocations: 558)
  Rendered layout layouts/application.html.erb (Duration: 1002.4ms | Allocations: 48702)
Completed 200 OK in 1566ms (Views: 1211.3ms | ActiveRecord: 0.0ms | Allocations: 55750)


Started GET "/articles" for 127.0.0.1 at 2024-02-16 09:03:34 +0700
Processing by ArticlesController#index as HTML
  Rendering layout layouts/application.html.erb
  Rendering articles/index.html.erb within layouts/application
  Rendered articles/index.html.erb within layouts/application (Duration: 1.0ms | Allocations: 99)
  Rendered layout layouts/application.html.erb (Duration: 203.1ms | Allocations: 26272)
Completed 200 OK in 223ms (Views: 214.4ms | ActiveRecord: 0.0ms | Allocations: 27188)


Started GET "/s" for 127.0.0.1 at 2024-02-16 09:05:15 +0700
  
ActionController::RoutingError (No route matches [GET] "/s"):
  
Started GET "/" for 127.0.0.1 at 2024-02-16 09:05:21 +0700
Processing by ArticlesController#index as HTML
  Rendering layout layouts/application.html.erb
  Rendering articles/index.html.erb within layouts/application
  Rendered articles/index.html.erb within layouts/application (Duration: 1.6ms | Allocations: 94)
  Rendered layout layouts/application.html.erb (Duration: 94.3ms | Allocations: 23461)
Completed 200 OK in 123ms (Views: 112.0ms | ActiveRecord: 0.0ms | Allocations: 24343)


